  Using 'git status' to determine working set for adaptive non-unity build (D:\Documents\GitHub\Units-Managment).
  Parsing headers for UnitsManagmentEditor
    Running UnrealHeaderTool "D:\Documents\GitHub\Units-Managment\UnitsManagment\UnitsManagment.uproject" "D:\Documents\GitHub\Units-Managment\UnitsManagment\Intermediate\Build\Win64\UnitsManagmentEditor\Development\UnitsManagmentEditor.uhtmanifest" -LogCmds="loginit warning, logexit warning, logdatabase error" -Unattended -WarningsAsErrors -abslog="C:\Users\Paweł\AppData\Local\UnrealBuildTool\Log_UHT.txt" -installed
  LogInit: Display: Loading text-based GConfig....
  Reflection code generated for UnitsManagmentEditor in 3,0092992 seconds
  Building UnitsManagmentEditor...
  Using Visual Studio 2019 14.28.29336 toolchain (D:\Visual Studio\VS\VC\Tools\MSVC\14.28.29333) and Windows 10.0.18362.0 SDK (C:\Program Files (x86)\Windows Kits\10).
  Building 9 actions with 16 processes...
    [1/9] BulletBase.gen.cpp
    [2/9] UnitBase.gen.cpp
    [3/9] EnemyBase.cpp
    [4/9] RTSPlayerController.cpp
    [5/9] BulletBase.cpp
    [6/9] UnitBase.cpp
    [7/9] UE4Editor-UnitsManagment.lib
       Creating library D:\Documents\GitHub\Units-Managment\UnitsManagment\Intermediate\Build\Win64\UE4Editor\Development\UnitsManagment\UE4Editor-UnitsManagment.lib and object D:\Documents\GitHub\Units-Managment\UnitsManagment\Intermediate\Build\Win64\UE4Editor\Development\UnitsManagment\UE4Editor-UnitsManagment.exp
    [8/9] UE4Editor-UnitsManagment.dll
       Creating library D:\Documents\GitHub\Units-Managment\UnitsManagment\Intermediate\Build\Win64\UE4Editor\Development\UnitsManagment\UE4Editor-UnitsManagment.suppressed.lib and object D:\Documents\GitHub\Units-Managment\UnitsManagment\Intermediate\Build\Win64\UE4Editor\Development\UnitsManagment\UE4Editor-UnitsManagment.suppressed.exp
    [9/9] UnitsManagmentEditor.target
  Total time in Parallel executor: 2,00 seconds
  Total execution time: 5,44 seconds
